gcc -O2 -o floodit *.c -Wunused-result
rm -f *.o *~ core
10000
10000
10000
10000
10000
10000
10000
10000
10000
9992
9992
9992
9992
9992
9992
9992
9992
9992
9984
9984
9984
9974
9974
9974
9974
9974
9974
9974
9974
9974
9974
9974
9974
9974
9954
9954
9954
9954
9954
9954
9954
9954
9954
9954
9954
9943
9943
9943
9943
9943
9943
9943
9943
9943
9943
9943
9943
9943
9936
9936
9925
9914
9914
9914
9914
9914
9914
9914
9914
9914
9914
9914
9914
9914
9914
9889
9889
9889
9889
9889
9889
9889
9889
9867
9867
9867
9862
9862
9862
9862
9862
9862
9862
9847
9847
9847
9847
9847
9847
9789
9789
9789
9789
9789
9789
9789
9789
9789
9789
9781
9781
9781
9781
9781
9781
9781
9781
9781
9781
9781
9781
9781
9781
9781
9781
9781
9781
9781
9781
9781
9771
9771
9771
9752
9752
9752
9752
9752
9752
9752
9752
9752
9752
9752
9752
9747
9747
9747
9747
9747
9747
9747
9731
9731
9731
9731
9731
9731
9731
9731
9731
9731
9697
9697
9697
9697
9697
9697
9697
9680
9665
9665
9665
9665
9665
9647
9647
9647
9647
9647
9647
9647
9647
9647
9647
9647
9647
9647
9647
9647
9647
9641
9641
9636
9636
9636
9636
9636
9636
9636
9636
9636
9636
9636
9636
9636
9636
9636
9636
9636
9636
9636
9636
9636
9636
9636
9636
9636
9627
9627
9627
9627
9627
9617
9617
9617
9617
9617
9617
9617
9617
9617
9617
9617
9617
9617
9617
9617
9617
9617
9617
9617
9617
9617
9617
9617
9617
9617
9617
9617
9617
9617
9617
9610
9610
9610
9610
9610
9610
9610
9610
9610
9610
9610
9610
9610
9610
9610
9610
9610
9610
9610
9610
9605
9605
9605
9605
9593
9593
9593
9593
9593
9593
9593
9593
9593
9593
9593
9593
9593
9593
9584
9584
9584
9571
9559
9559
9559
9559
9559
9559
9559
9559
9559
9559
9559
9559
9559
9559
9559
9559
9559
9559
9559
9559
9559
9559
9559
9559
9559
9559
9554
9554
9554
9554
9554
9554
9554
9554
9554
9546
9546
9546
9546
9546
9546
9546
9546
9546
9546
9546
9546
9546
9546
9546
9546
9546
9546
9546
9546
9546
9539
9539
9539
9539
9539
9539
9539
9539
9539
9539
9539
9539
9539
9539
9539
9539
9539
9539
9539
9539
9539
9539
9539
9539
9539
9539
9532
9532
9532
9520
9520
9520
9520
9520
9520
9514
9514
9514
9514
9514
9514
9514
9514
9514
9514
9514
9514
9514
9514
9514
9514
9514
9514
9514
9514
9507
9497
9497
9497
9497
9497
9497
9497
9497
9470
9470
9470
9470
9470
9470
9470
9470
9470
9470
9470
9470
9470
9470
9470
9470
9461
9445
9445
9445
9445
9445
9445
9445
9445
9445
9445
9445
9445
9445
9445
9445
9445
9445
9419
9419
9401
9396
9396
9385
9385
9385
9385
9385
9377
9377
9377
9377
9377
9377
9377
9377
9309
9309
9309
9309
9309
9309
9309
9309
9309
9309
9309
9309
9309
9309
9309
9309
9309
9309
9309
9309
9309
9309
9309
9309
9309
9309
9309
9309
9309
9309
9309
9309
9309
9309
9309
9309
9309
9309
9309
9309
9309
9309
9302
9302
9293
9293
9293
9293
9279
9279
9279
9279
9253
9253
9219
9219
9219
9219
9219
9219
9219
9219
9219
9219
9219
9219
9207
9207
9207
9207
9207
9198
9198
9198
9198
9198
9198
9198
9198
9198
9198
9198
9198
9198
9192
9192
9192
9192
9192
9192
9192
9192
9192
9192
9192
9192
9192
9192
9192
9192
9192
9192
9192
9184
9184
9174
9174
9174
9174
9174
9174
9174
9174
9168
9168
9168
9113
9113
9104
9104
9104
9104
9104
9104
9104
9104
9104
9104
9104
9104
9104
9104
9104
9081
9081
9081
9081
9068
9068
9068
9051
9051
9051
9051
9051
9051
9026
9026
9026
9026
9018
9018
9018
9018
9018
9018
9018
9018
9018
9018
9018
9018
9018
9018
9018
9018
9014
8985
8985
8985
8985
8985
8985
8985
8985
8985
8985
8985
8985
8985
8985
8985
8985
8981
8981
8974
8974
8974
8974
8974
8974
8974
8974
8974
8974
8974
8974
8974
8974
8974
8974
8974
8974
8974
8974
8974
8974
8974
8974
8974
8974
8950
8950
8950
8920
8920
8920
8920
8920
8920
8920
8920
8920
8920
8920
8920
8920
8920
8920
8920
8920
8920
8903
8903
8903
8903
8903
8903
8903
8903
8903
8903
8903
8903
8903
8903
8903
8903
8903
8903
8903
8903
8903
8903
8903
8903
8888
8888
8888
8883
8883
8883
8883
8873
8873
8873
8873
8873
8873
8873
8873
8873
8873
8873
8873
8873
8873
8873
8873
8873
8873
8873
8873
8873
8873
8873
8873
8873
8873
8873
8873
8866
8866
8866
8866
8866
8866
8866
8866
8866
8866
8866
8866
8856
8856
8856
8856
8856
8856
8856
8856
8856
8856
8856
8856
8856
8856
8856
8842
8842
8807
8787
8787
8787
8787
8787
8787
8787
8777
8777
8777
8777
8777
8771
8771
8771
8754
8754
8754
8754
8754
8754
8754
8754
8754
8754
8754
8754
8754
8754
8754
8754
8754
8754
8754
8754
8754
8754
8737
8737
8737
8737
8678
8678
8678
8678
8678
8678
8653
8653
8653
8653
8653
8653
8653
8653
8653
8653
8653
8653
8653
8644
8644
8644
8644
8644
8638
8638
8638
8638
8638
8638
8638
8638
8638
8632
8632
8632
8632
8632
8632
8632
8625
8625
8625
8625
8625
8625
8625
8625
8625
8625
8625
8625
8625
8625
8625
8625
8625
8625
8619
8613
8582
8582
8560
8560
8560
8560
8560
8560
8560
8560
8560
8552
8552
8552
8552
8552
8552
8552
8552
8552
8552
8552
8552
8552
8552
8552
8552
8552
8552
8552
8552
8552
8552
8552
8552
8552
8552
8552
8552
8552
8552
8552
8552
8552
8552
8547
8547
8547
8547
8547
8547
8547
8547
8547
8547
8547
8547
8547
8547
8547
8547
8547
8547
8547
8547
8547
8547
8547
8547
8547
8547
8547
8547
8547
8519
8519
8519
8519
8519
8519
8519
8519
8519
8510
8510
8510
8502
8502
8502
8502
8502
8497
8497
8497
8497
8497
8497
8497
8497
8480
8480
8480
8480
8480
8480
8480
8480
8480
8473
8473
8473
8473
8473
8473
8473
8473
8473
8473
8459
8459
8459
8459
8459
8459
8459
8459
8459
8454
8454
8454
8454
8454
8454
8431
8431
8431
8431
8431
8431
8431
8431
8426
8426
8426
8426
8426
8426
8426
8426
8426
8397
8397
8397
8397
8397
8397
8397
8397
8397
8397
8397
8397
8381
8381
8381
8381
8381
8381
8381
8381
8381
8381
8381
8381
8381
8381
8381
8367
8367
8367
8367
8367
8367
8367
8367
8354
8354
8354
8354
8354
8354
8354
8354
8354
8354
8354
8354
8327
8327
8327
8327
8305
8305
8305
8305
8305
8305
8305
8305
8305
8305
8305
8305
8305
8305
8305
8305
8305
8305
8305
8305
8305
8305
8305
8305
8305
8305
8305
8305
8305
8305
8305
8294
8294
8285
8285
8285
8256
8256
8256
8256
8256
8256
8256
8256
8256
8256
8256
8256
8256
8256
8256
8256
8256
8256
8256
8256
8256
8256
8256
8256
8256
8256
8256
8256
8256
8256
8256
8256
8256
8256
8256
8256
8256
8256
8256
8256
8256
8256
8256
8256
8256
8256
8256
8256
8256
8256
8238
8238
8238
8238
8238
8238
8216
8216
8216
8216
8216
8216
8216
8216
8216
8216
8216
8216
8216
8216
8216
8216
8216
8216
8216
8216
8216
8216
8216
8216
8216
8216
8216
8216
8216
8216
8216
8216
8216
8216
8216
8216
8216
8216
8216
8216
8216
8185
8185
8185
8185
8185
8185
8185
8185
8185
8185
8185
8185
8185
8185
8185
8185
8185
8185
8185
8185
8185
8185
8176
8176
8176
8176
8176
8176
8176
8176
8176
8176
8176
8176
8176
8176
8176
8176
8176
8176
8176
8176
8145
8145
8145
8145
8127
8127
8127
8127
8127
8127
8127
8127
8127
8127
8127
8127
8127
8127
8127
8127
8127
8127
8127
8127
8127
8127
8127
8127
8127
8121
8121
8121
8099
8099
8099
8099
8099
8099
8099
8099
8099
8099
8099
8099
8099
8099
8079
8079
8079
8079
8079
8079
8079
8079
8079
8079
8079
8079
8079
8079
8079
8079
8069
8069
8069
8069
8069
8069
8069
8069
8069
8069
8069
8069
8069
8069
8069
8069
8069
8069
8060
8040
8040
8040
8040
8040
8040
8040
8040
8040
8040
8040
8040
8040
8040
8040
8040
8040
8040
8040
8033
8033
8033
8033
8033
8033
8033
8033
8033
8033
8033
8033
8033
8033
8033
8033
8033
8033
8033
8033
8033
8033
8033
8033
8033
8033
8033
8033
8033
8033
8033
8033
8033
8033
8033
8033
8033
8033
8029
8029
8029
8029
8029
8029
8029
8029
8029
8029
8029
8029
8029
8029
8029
8029
8029
8029
8022
8022
8022
8022
8022
8022
8022
8022
8022
8022
8022
8022
8022
8022
8022
8022
8022
8022
8022
8022
8022
8022
8022
8022
8017
8017
8017
8017
8017
8017
8017
8017
8017
8017
8017
8017
8017
8017
8017
8017
8017
8017
8017
8017
8017
8017
8017
8017
8017
8017
8017
8017
8017
8017
8017
8017
8017
GAME OVER
