2018-08-23 09:35:16,901 [      0]   INFO -        #com.intellij.idea.Main - ------------------------------------------------------ IDE STARTED ------------------------------------------------------ 
2018-08-23 09:35:16,924 [     23]   INFO -        #com.intellij.idea.Main - IDE: PyCharm (build #PC-182.3911.33, 05 Aug 2018 12:16) 
2018-08-23 09:35:16,924 [     23]   INFO -        #com.intellij.idea.Main - OS: Linux (4.9.0-8-amd64, amd64) 
2018-08-23 09:35:16,924 [     23]   INFO -        #com.intellij.idea.Main - JRE: 1.8.0_152-release-1248-b8 (JetBrains s.r.o) 
2018-08-23 09:35:16,924 [     23]   INFO -        #com.intellij.idea.Main - JVM: 25.152-b8 (OpenJDK 64-Bit Server VM) 
2018-08-23 09:35:16,927 [     26]   INFO -        #com.intellij.idea.Main - JVM Args: -Xms128m -Xmx750m -XX:ReservedCodeCacheSize=240m -XX:+UseConcMarkSweepGC -XX:SoftRefLRUPolicyMSPerMB=50 -ea -Dsun.io.useCanonCaches=false -Djava.net.preferIPv4Stack=true -Djdk.http.auth.tunneling.disabledSchemes="" -XX:+HeapDumpOnOutOfMemoryError -XX:-OmitStackTraceInFastThrow -Dawt.useSystemAAFontSettings=lcd -Dsun.java2d.renderer=sun.java2d.marlin.MarlinRenderingEngine -XX:ErrorFile=/home/lucassil/java_error_in_PYCHARM_%p.log -XX:HeapDumpPath=/home/lucassil/java_error_in_PYCHARM.hprof -Didea.paths.selector=PyCharmCE2018.2 -Djb.vmOptionsFile=/opt/pycharm-community-2018.2.1/bin/pycharm64.vmoptions -Didea.platform.prefix=PyCharmCore 
2018-08-23 09:35:16,927 [     26]   INFO -        #com.intellij.idea.Main - ext: /opt/pycharm-community-2018.2.1/jre64/lib/ext: [meta-index, cldrdata.jar, dnsns.jar, sunpkcs11.jar, jaccess.jar, zipfs.jar, sunec.jar, localedata.jar, sunjce_provider.jar, jfxrt.jar, nashorn.jar] 
2018-08-23 09:35:16,927 [     26]   INFO -        #com.intellij.idea.Main - charsets: JNU=UTF-8 file=UTF-8 
2018-08-23 09:35:16,941 [     40]   INFO -        #com.intellij.idea.Main - JNA library (64-bit) loaded in 14 ms 
2018-08-23 09:35:17,243 [    342]   INFO -     #com.intellij.util.ui.JBUI - System scale factor: 1.0 (IDE-managed HiDPI) 
2018-08-23 09:35:17,243 [    342]   INFO -     #com.intellij.util.ui.JBUI - User scale factor: 1.0 
2018-08-23 09:40:55,704 [ 338803]   INFO - m.intellij.ui.mac.touchbar.NST - OS doesn't support touchbar, skip nst loading 
2018-08-23 09:41:06,590 [ 349689]   INFO - tellij.openapi.util.IconLoader - replace '/nodes/newFolder.png' with 'AllIcons.Nodes.Folder' 
2018-08-23 09:41:18,536 [ 361635]   INFO - .intellij.idea.IdeaApplication - CPU cores: 4; ForkJoinPool.commonPool: java.util.concurrent.ForkJoinPool@6cd54ee7[Running, parallelism = 3, size = 0, active = 0, running = 0, steals = 0, tasks = 0, submissions = 0]; factory: com.intellij.concurrency.IdeaForkJoinWorkerThreadFactory@4fd2c6ed 
2018-08-23 09:41:18,553 [ 361652]   INFO - .intellij.idea.IdeaApplication - WM detected: GNOME Shell 
2018-08-23 09:41:18,554 [ 361653]   INFO - llij.openapi.wm.impl.X11UiUtil - impersonated WM: MUTTER_WM 
2018-08-23 09:41:18,766 [ 361865]   INFO - llij.ide.plugins.PluginManager - 19 plugins initialized in 114 ms 
2018-08-23 09:41:18,766 [ 361865]   INFO - llij.ide.plugins.PluginManager - Loaded bundled plugins: CVS Integration (11), EditorConfig (182.3911.33), Git Integration (8.1), GitHub (182.3911.33), IDEA CORE (182.3911.33), IPython Notebook (0.1), IntelliLang (8.0), Markdown support (182.3911.33), Mercurial Integration (10.0), Properties Support (182.3911.33), Python IntelliLang (VERSION), Python ReStructureText Integration (1.0), Python Terminal (VERSION), ReStructuredText Support (182.3911.33), Settings Repository (182.3911.33), Subversion Integration (1.1), Task Management (1.0), Terminal (0.1), YAML (182.3911.33) 
2018-08-23 09:41:19,089 [ 362188]   INFO - ellij.vfs.persistent.FSRecords - Marking VFS as corrupted: '/discolocal/lucassil/personal/facul/ia/?/.PyCharmCE2018.2/system/caches/names.dat' does not exist 
2018-08-23 09:41:19,091 [ 362190]   INFO - ellij.util.io.PagedFileStorage - lower=100; upper=500; buffer=10; max=705 
2018-08-23 09:41:19,115 [ 362214]   INFO - pl.local.NativeFileWatcherImpl - Starting file watcher: /opt/pycharm-community-2018.2.1/bin/fsnotifier64 
2018-08-23 09:41:19,123 [ 362222]   INFO - pl.local.NativeFileWatcherImpl - Native file watcher is operational. 
2018-08-23 09:41:19,489 [ 362588]   INFO - .history.utils.LocalHistoryLog - local history version mismatch (was: 0, expected: 6), rebuilding... 
2018-08-23 09:41:19,489 [ 362588]   INFO - .history.utils.LocalHistoryLog - FS has been rebuild, rebuilding local history... 
2018-08-23 09:41:19,535 [ 362634]   INFO - com.intellij.ide.ui.UISettings - Loaded: fontSize=12, fontScale=1.0; restored: fontSize=12, fontScale=1.0 
2018-08-23 09:41:19,703 [ 362802]   INFO - j.ide.ui.OptionsTopHitProvider - 107 ms spent to cache options in application 
2018-08-23 09:41:19,703 [ 362802]   INFO - .openapi.application.Preloader - Finished preloading com.intellij.ide.ui.OptionsTopHitProvider$Activity@5bcad107 
2018-08-23 09:41:19,715 [ 362814]   INFO - til.net.ssl.CertificateManager - Default SSL context initialized 
2018-08-23 09:41:19,770 [ 362869]   INFO - rains.ide.BuiltInServerManager - built-in server started, port 63342 
2018-08-23 09:41:19,793 [ 362892]   INFO - gs.impl.UpdateCheckerComponent - channel: release 
2018-08-23 09:41:19,898 [ 362997]   INFO - il.indexing.FileBasedIndexImpl - Index exts enumerated:42, number of extensions:20 
2018-08-23 09:41:19,901 [ 363000]   INFO - il.indexing.FileBasedIndexImpl - Index scheduled:2 
2018-08-23 09:41:19,916 [ 363015]   INFO - tellij.psi.stubs.StubIndexImpl - All stub exts enumerated:10, number of extensions:11 
2018-08-23 09:41:19,918 [ 363017]   INFO - tellij.psi.stubs.StubIndexImpl - stub exts update scheduled:1 
2018-08-23 09:41:20,095 [ 363194]   INFO -            PyTestLegacyInterop - Disabling com.jetbrains.python.testing.unittestLegacy.PythonUnitTestConfigurationProducer@1d2479c5 
2018-08-23 09:41:20,095 [ 363194]   INFO -            PyTestLegacyInterop - Disabling com.jetbrains.python.testing.pytestLegacy.PyTestConfigurationProducer@7981d322 
2018-08-23 09:41:20,095 [ 363194]   INFO -            PyTestLegacyInterop - Disabling com.jetbrains.python.testing.nosetestLegacy.PythonNoseTestConfigurationProducer@36311af9 
2018-08-23 09:41:20,204 [ 363303]   INFO - pi.util.registry.RegistryValue - Registry value 'ide.ssh.one.time.password' has changed to 'true" 
2018-08-23 09:41:20,205 [ 363304]   INFO - plication.impl.ApplicationImpl - 76 application components initialized in 1557ms 
2018-08-23 09:41:20,241 [ 363340]   INFO - .intellij.idea.IdeaApplication - App initialization took 363817 ms 
2018-08-23 09:41:20,263 [ 363362]   INFO - ndex.PrebuiltIndexProviderBase - Using prebuilt id-index from /discolocal/lucassil/personal/facul/ia/?/.PyCharmCE2018.2/system/index/.persistent/prebuilt/Python/id-index.input 
2018-08-23 09:41:20,434 [ 363533]   INFO - ij.psi.stubs.StubUpdatingIndex - Following new file types will be indexed:Properties,XML,Markdown,HTML,Python,PythonStub 
2018-08-23 09:41:20,533 [ 363632]   INFO - pl$FileIndexDataInitialization - Initialization done:631 
2018-08-23 09:41:20,547 [ 363646]   INFO - exImpl$StubIndexInitialization - Initialization done:14 
2018-08-23 09:41:20,858 [ 363957]   INFO - j.ide.ui.OptionsTopHitProvider - 264 ms spent on EDT to cache options in application 
2018-08-23 09:41:21,182 [ 364281]   INFO - .openapi.application.Preloader - Finished preloading com.intellij.openapi.actionSystem.impl.ActionPreloader@48be3c08 
2018-08-23 09:41:21,283 [ 364382]   INFO - .openapi.application.Preloader - Finished preloading com.intellij.ide.ui.search.SearchableOptionPreloader@3ac1c45e 
2018-08-23 09:41:21,387 [ 364486]   INFO - .openapi.application.Preloader - Finished preloading com.intellij.codeInsight.completion.CompletionPreloader@2b7b8fcb 
2018-08-23 09:41:21,389 [ 364488]   INFO - .openapi.application.Preloader - Finished preloading com.intellij.ide.actions.GotoClassPresentationUpdater@2c47e3d3 
2018-08-23 09:41:24,741 [ 367840]   INFO - ellij.project.impl.ProjectImpl - 15 project components initialized in 111 ms 
2018-08-23 09:41:37,282 [ 380381]   INFO - ellij.project.impl.ProjectImpl - 89 project components initialized in 368 ms 
2018-08-23 09:41:37,349 [ 380448]   INFO - le.impl.ModuleManagerComponent - 1 module(s) loaded in 55 ms 
2018-08-23 09:41:37,389 [ 380488]   INFO - j.ide.script.IdeStartupScripts - 0 startup script(s) found 
2018-08-23 09:41:37,879 [ 380978]   INFO - .diagnostic.PerformanceWatcher - Pushing Python language level to 0 roots in 0 SDKs took 1ms; general responsiveness: ok; EDT responsiveness: ok 
2018-08-23 09:41:37,882 [ 380981]   INFO - .diagnostic.PerformanceWatcher - Post-startup activities under progress took 77ms; general responsiveness: ok; EDT responsiveness: ok 
2018-08-23 09:41:38,254 [ 381353]   INFO - tartup.impl.StartupManagerImpl - /discolocal/lucassil/personal/.idea case-sensitivity: expected=true actual=true 
2018-08-23 09:41:38,270 [ 381369]   INFO - pl.projectlevelman.NewMappings - VCS Root: [] - [<Project>] 
2018-08-23 09:41:38,302 [ 381401]   INFO - tor.impl.FileEditorManagerImpl - Project opening took 1404 ms 
2018-08-23 09:41:39,040 [ 382139]   INFO - .diagnostic.PerformanceWatcher - Pushing properties took 1003ms; general responsiveness: ok; EDT responsiveness: ok 
2018-08-23 09:41:39,281 [ 382380]   INFO - .diagnostic.PerformanceWatcher - Indexable file iteration took 239ms; general responsiveness: ok; EDT responsiveness: ok 
2018-08-23 09:41:39,284 [ 382383]   INFO - indexing.UnindexedFilesUpdater - Unindexed files update started: 2691 files to update 
2018-08-23 09:41:39,429 [ 382528]   INFO - ndex.PrebuiltIndexProviderBase - Using prebuilt sdk-stubs from /discolocal/lucassil/personal/facul/ia/?/.PyCharmCE2018.2/system/index/.persistent/prebuilt/Python/sdk-stubs.input 
2018-08-23 09:41:39,445 [ 382544]   INFO - s.roots.VcsRootProblemNotifier - Auto-registered following mappings: [VcsRootError{UNREGISTERED_ROOT - /discolocal/lucassil/personal/rpg}] 
2018-08-23 09:41:39,464 [ 382563]   INFO -  #git4idea.commands.GitHandler - [.] git version 
2018-08-23 09:41:39,486 [ 382585]   INFO -  #git4idea.commands.GitHandler - git version 2.11.0 
2018-08-23 09:41:39,492 [ 382591]   INFO - ea.config.GitExecutableManager - Git version for /usr/bin/git : 2.11.0 
2018-08-23 09:41:39,677 [ 382776]   INFO - pl.projectlevelman.NewMappings - VCS Root: [Git] - [/discolocal/lucassil/personal/rpg] 
2018-08-23 09:41:49,688 [ 392787]   INFO - .diagnostic.PerformanceWatcher - Unindexed files update took 10404ms; general responsiveness: ok; EDT responsiveness: ok 
2018-08-23 09:41:49,689 [ 392788]   INFO - g.FileBasedIndexProjectHandler - Reindexing refreshed files: 1 to update, calculated in 0ms 
2018-08-23 09:41:49,691 [ 392790]   INFO - .diagnostic.PerformanceWatcher - Reindexing refreshed files took 2ms; general responsiveness: ok; EDT responsiveness: ok 
2018-08-23 09:41:49,722 [ 392821]   INFO - j.ide.ui.OptionsTopHitProvider - 27 ms spent to cache options in project 
2018-08-23 09:41:49,951 [ 393050]   INFO - j.ide.ui.OptionsTopHitProvider - 125 ms spent on EDT to cache options in project 
2018-08-23 09:41:58,539 [ 401638]   INFO - rojectCodeStyleSettingsManager - Initialized from default code style settings. 
2018-08-23 09:42:26,457 [ 429556]   INFO - com.intellij.ide.ui.UISettings - Loaded: fontSize=12, fontScale=1.0; restored: fontSize=12, fontScale=1.0 
2018-08-23 09:43:01,671 [ 464770]   INFO - g.FileBasedIndexProjectHandler - Reindexing refreshed files: 19 to update, calculated in 64ms 
2018-08-23 09:43:01,898 [ 464997]   INFO - .diagnostic.PerformanceWatcher - Reindexing refreshed files took 225ms; general responsiveness: ok; EDT responsiveness: ok 
2018-08-23 09:43:59,214 [ 522313]   INFO - g.FileBasedIndexProjectHandler - Reindexing refreshed files: 4 to update, calculated in 0ms 
2018-08-23 09:43:59,272 [ 522371]   INFO - .diagnostic.PerformanceWatcher - Reindexing refreshed files took 58ms; general responsiveness: ok; EDT responsiveness: ok 
2018-08-23 09:44:02,514 [ 525613]   INFO - stubs.SerializationManagerImpl - START StubSerializationManager SHUTDOWN 
2018-08-23 09:44:02,515 [ 525614]   INFO - stubs.SerializationManagerImpl - END StubSerializationManager SHUTDOWN 
2018-08-23 09:44:02,515 [ 525614]   INFO - stubs.SerializationManagerImpl - START StubSerializationManager SHUTDOWN 
2018-08-23 09:44:02,515 [ 525614]   INFO - stubs.SerializationManagerImpl - END StubSerializationManager SHUTDOWN 
2018-08-23 09:44:02,515 [ 525614]   INFO - il.indexing.FileBasedIndexImpl - START INDEX SHUTDOWN 
2018-08-23 09:44:02,533 [ 525632]   INFO - il.indexing.FileBasedIndexImpl - END INDEX SHUTDOWN 
2018-08-23 09:44:02,535 [ 525634]   INFO - org.jetbrains.io.BuiltInServer - web server stopped 
2018-08-23 09:44:02,545 [ 525644]   INFO - Types.impl.FileTypeManagerImpl - FileTypeManager: 777 auto-detected files
Elapsed time on auto-detect: 681 ms 
2018-08-23 09:44:02,573 [ 525672]   INFO - pl.local.NativeFileWatcherImpl - Watcher terminated with exit code 0 
2018-08-23 09:44:02,574 [ 525673]   INFO - newvfs.persistent.PersistentFS - VFS dispose started 
2018-08-23 09:44:02,575 [ 525674]   INFO - newvfs.persistent.PersistentFS - VFS dispose completed 
2018-08-23 09:44:02,586 [ 525685]   INFO -        #com.intellij.idea.Main - ------------------------------------------------------ IDE SHUTDOWN ------------------------------------------------------ 
2018-08-23 09:44:02,587 [ 525686]   INFO - org.jetbrains.io.BuiltInServer - web server stopped 
